-0.058594
-0.053711
-0.058594
-0.048828
-0.053711
-0.058594
-0.058594
-0.058594
-0.058594
-0.058594
-0.058594
-0.053711
-0.053711
-0.053711
-0.053711
-0.053711
-0.058594
-0.053711
-0.053711
-0.053711
-0.058594
-0.053711
-0.053711
-0.058594
-0.063477
-0.058594
-0.053711
-0.058594
-0.048828
-0.058594
-0.053711
-0.058594
-0.053711
-0.058594
-0.058594
-0.058594
-0.058594
-0.058594
-0.058594
-0.058594
-0.053711
-0.053711
-0.058594
-0.058594
-0.053711
-0.053711
-0.063477
-0.053711
-0.053711
-0.058594
-0.053711
-0.053711
-0.053711
-0.058594
-0.058594
-0.058594
-0.053711
-0.053711
-0.058594
-0.058594
-0.053711
-0.058594
-0.053711
-0.063477
-0.058594
-0.053711
-0.058594
-0.058594
-0.058594
-0.053711
-0.053711
-0.058594
-0.058594
-0.053711
-0.053711
-0.058594
-0.053711
-0.058594
-0.053711
-0.053711
-0.053711
-0.058594
-0.058594
-0.053711
-0.058594
-0.053711
-0.053711
-0.053711
-0.053711
-0.058594
-0.058594
-0.063477
-0.053711
-0.048828
-0.063477
-0.058594
-0.063477
-0.058594
-0.058594
-0.053711
-0.063477
-0.058594
-0.063477
-0.058594
-0.058594
-0.058594
-0.053711
-0.058594
-0.053711
-0.048828
-0.053711
-0.053711
-0.058594
-0.058594
-0.058594
-0.058594
-0.048828
-0.058594
-0.058594
-0.053711
-0.058594
-0.058594
-0.058594
-0.058594
-0.053711
-0.058594
-0.063477
-0.053711
-0.053711
-0.053711
-0.058594
-0.058594
-0.053711
-0.053711
-0.053711
-0.063477
-0.053711
-0.058594
-0.058594
-0.053711
-0.058594
-0.058594
-0.058594
-0.053711
-0.058594
-0.058594
-0.058594
-0.058594
-0.058594
-0.058594
-0.053711
-0.058594
-0.058594
-0.058594
-0.058594
-0.058594
-0.053711
-0.053711
-0.058594
-0.058594
-0.063477
-0.053711
-0.058594
-0.053711
-0.053711
-0.063477
-0.053711
-0.058594
-0.058594
-0.058594
-0.053711
-0.053711
-0.063477
-0.053711
-0.053711
-0.063477
-0.053711
-0.063477
-0.063477
-0.053711
-0.058594
-0.058594
-0.053711
-0.053711
-0.058594
-0.058594
-0.053711
-0.053711
-0.058594
-0.058594
-0.058594
-0.053711
-0.058594
-0.053711
-0.053711
-0.058594
-0.053711
-0.058594
-0.058594
-0.063477
-0.048828
-0.053711
-0.053711
-0.058594
-0.058594
-0.058594
-0.058594
-0.058594
-0.058594
-0.058594
-0.063477
-0.053711
-0.058594
-0.058594
-0.058594
-0.058594
-0.058594
-0.058594
-0.053711
-0.063477
-0.058594
-0.053711
-0.058594
-0.053711
-0.053711
-0.063477
-0.053711
-0.058594
-0.058594
-0.053711
-0.058594
-0.058594
-0.048828
-0.053711
-0.063477
-0.053711
-0.063477
-0.053711
-0.053711
-0.058594
-0.058594
-0.058594
-0.058594
-0.058594
-0.058594
-0.058594
-0.053711
-0.058594
-0.063477
-0.053711
-0.058594
-0.058594
-0.058594
-0.058594
-0.053711
-0.058594
-0.058594
-0.058594
-0.048828
-0.058594
-0.058594
-0.053711
-0.053711
-0.058594
-0.058594
-0.053711
-0.053711
-0.058594
-0.058594
-0.053711
-0.053711
-0.058594
-0.053711
-0.053711
-0.053711
-0.053711
-0.063477
-0.058594
-0.063477
-0.058594
-0.053711
-0.058594
-0.058594
-0.058594
-0.053711
-0.063477
-0.063477
-0.053711
-0.048828
-0.058594
-0.058594
-0.053711
-0.058594
-0.053711
-0.058594
-0.058594
-0.053711
-0.058594
-0.053711
-0.053711
-0.058594
-0.058594
-0.058594
-0.053711
-0.048828
-0.058594
-0.058594
-0.053711
-0.063477
-0.053711
-0.053711
-0.058594
-0.058594
-0.058594
-0.058594
-0.053711
-0.058594
-0.053711
-0.058594
-0.058594
-0.053711
-0.063477
-0.058594
-0.058594
-0.063477
-0.058594
-0.058594
-0.058594
-0.058594
-0.058594
-0.058594
-0.058594
-0.058594
-0.053711
-0.053711
-0.058594
-0.058594
-0.063477
-0.058594
-0.058594
-0.053711
-0.058594
-0.053711
-0.053711
-0.058594
-0.058594
-0.053711
-0.058594
-0.063477
-0.058594
-0.048828
-0.058594
-0.053711
-0.058594
-0.058594
-0.058594
-0.053711
-0.058594
-0.053711
-0.053711
-0.063477
-0.058594
-0.053711
-0.053711
-0.053711
-0.058594
-0.058594
-0.058594
-0.058594
-0.058594
-0.053711
-0.058594
-0.058594
-0.058594
-0.058594
-0.058594
-0.053711
-0.053711
-0.053711
-0.053711
-0.058594
-0.053711
-0.053711
-0.058594
-0.058594
-0.058594
-0.053711
-0.053711
-0.058594
-0.058594
-0.058594
-0.058594
-0.058594
-0.053711
-0.063477
-0.068359
-0.073242
-0.078125
-0.087891
-0.092773
-0.107422
-0.112305
-0.117188
-0.126953
-0.141602
-0.151367
-0.156250
-0.156250
-0.156250
-0.156250
-0.156250
-0.156250
-0.156250
-0.151367
-0.141602
-0.146484
-0.141602
-0.136719
-0.136719
-0.136719
-0.131836
-0.122070
-0.126953
-0.126953
-0.131836
-0.136719
-0.126953
-0.131836
-0.136719
-0.126953
-0.122070
-0.126953
-0.126953
-0.122070
-0.122070
-0.112305
-0.117188
-0.117188
-0.112305
-0.117188
-0.112305
-0.112305
-0.112305
-0.112305
-0.107422
-0.107422
-0.112305
-0.097656
-0.102539
-0.097656
-0.102539
-0.102539
-0.102539
-0.102539
-0.092773
-0.097656
-0.092773
-0.097656
-0.092773
-0.097656
-0.087891
-0.092773
-0.092773
-0.092773
-0.087891
-0.083008
-0.087891
-0.087891
-0.087891
-0.087891
-0.087891
-0.083008
-0.083008
-0.087891
-0.083008
-0.087891
-0.087891
-0.083008
-0.087891
-0.078125
-0.083008
-0.083008
-0.083008
-0.083008
-0.078125
-0.083008
-0.078125
-0.073242
-0.078125
-0.073242
-0.073242
-0.078125
-0.068359
-0.078125
-0.073242
-0.063477
-0.068359
-0.063477
-0.063477
-0.063477
-0.068359
-0.053711
-0.058594
-0.058594
-0.058594
-0.058594
-0.058594
-0.063477
-0.053711
-0.058594
-0.053711
-0.058594
-0.058594
-0.058594
-0.058594
-0.053711
-0.058594
-0.058594
-0.063477
-0.053711
-0.063477
-0.058594
-0.053711
-0.058594
-0.053711
-0.058594
-0.053711
-0.048828
-0.053711
-0.058594
-0.058594
-0.058594
-0.053711
-0.053711
-0.063477
-0.058594
-0.053711
-0.053711
-0.058594
-0.058594
-0.063477
-0.053711
-0.058594
-0.058594
-0.058594
-0.053711
-0.053711
-0.053711
-0.058594
-0.053711
-0.053711
-0.048828
-0.063477
-0.058594
-0.058594
-0.053711
-0.053711
-0.053711
-0.058594
-0.058594
-0.053711
-0.058594
-0.058594
-0.058594
-0.058594
-0.058594
-0.058594
-0.058594
-0.058594
-0.058594
-0.053711
-0.053711
-0.053711
-0.058594
-0.058594
-0.053711
-0.058594
-0.058594
-0.053711
-0.058594
-0.053711
-0.053711
-0.058594
-0.053711
-0.053711
-0.063477
-0.058594
-0.053711
-0.058594
-0.058594
-0.058594
-0.053711
-0.053711
-0.058594
-0.058594
-0.058594
-0.053711
-0.058594
-0.053711
-0.053711
-0.058594
-0.053711
-0.058594
-0.063477
-0.058594
-0.058594
-0.058594
-0.058594
-0.048828
-0.053711
-0.058594
-0.058594
-0.058594
-0.053711
-0.058594
-0.058594
-0.053711
-0.053711
-0.048828
-0.053711
-0.053711
-0.048828
-0.053711
-0.063477
-0.053711
-0.058594
-0.053711
-0.053711
-0.058594
-0.058594
-0.053711
-0.053711
-0.058594
-0.058594
-0.058594
-0.058594
-0.058594
-0.058594
-0.053711
-0.053711
-0.053711
-0.058594
-0.053711
-0.058594
-0.063477
-0.058594
-0.053711
-0.058594
-0.058594
-0.063477
-0.053711
-0.058594
-0.048828
-0.053711
-0.058594
-0.058594
-0.058594
-0.058594
-0.053711
-0.053711
-0.053711
-0.053711
-0.058594
-0.053711
-0.063477
-0.053711
-0.063477
-0.053711
-0.053711
-0.058594
-0.058594
-0.053711
-0.058594
-0.058594
-0.058594
-0.053711
-0.063477
-0.053711
-0.053711
-0.053711
-0.053711
-0.058594
-0.058594
-0.058594
-0.058594
-0.058594
-0.053711
-0.058594
-0.058594
-0.058594
-0.053711
-0.058594
-0.053711
-0.053711
-0.058594
-0.058594
-0.053711
-0.053711
-0.053711
-0.058594
-0.058594
-0.058594
-0.053711
-0.063477
-0.058594
-0.058594
-0.053711
-0.058594
-0.058594
-0.053711
-0.053711
-0.053711
-0.058594
-0.053711
-0.058594
-0.058594
-0.053711
-0.058594
-0.058594
-0.063477
-0.048828
-0.048828
-0.063477
-0.063477
-0.053711
-0.058594
-0.053711
-0.053711
-0.058594
-0.053711
-0.058594
-0.053711
-0.053711
-0.058594
-0.053711
-0.058594
-0.058594
-0.053711
-0.053711
-0.063477
-0.058594
-0.058594
-0.058594
-0.053711
-0.058594
-0.053711
-0.058594
-0.053711
-0.058594
-0.058594
-0.053711
-0.053711
-0.058594
-0.053711
-0.058594
-0.058594
-0.058594
-0.058594
-0.053711
-0.058594
-0.058594
-0.058594
-0.053711
-0.058594
-0.058594
-0.058594
-0.053711
-0.058594
-0.058594
-0.053711
-0.058594
-0.053711
-0.058594
-0.058594
-0.058594
-0.058594
-0.063477
-0.058594
-0.058594
-0.058594
-0.058594
-0.053711
-0.058594
-0.058594
-0.058594
-0.053711
-0.053711
-0.058594
-0.048828
-0.063477
-0.053711
-0.058594
-0.048828
-0.058594
-0.058594
-0.048828
-0.063477
-0.068359
-0.053711
-0.058594
-0.058594
-0.053711
-0.048828
-0.053711
-0.053711
-0.063477
-0.058594
-0.053711
-0.053711
-0.058594
-0.053711
-0.053711
-0.053711
-0.058594
-0.058594
-0.058594
-0.058594
-0.058594
-0.058594
-0.053711
-0.053711
-0.053711
-0.058594
-0.053711
-0.063477
-0.058594
-0.058594
-0.058594
-0.063477
-0.058594
-0.058594
-0.053711
-0.048828
-0.048828
-0.058594
-0.058594
-0.053711
-0.058594
-0.053711
-0.058594
-0.063477
-0.058594
-0.053711
-0.053711
-0.053711
-0.053711
-0.058594
-0.063477
-0.058594
-0.058594
-0.058594
-0.048828
-0.048828
-0.053711
-0.058594
-0.053711
-0.058594
-0.053711
-0.058594
-0.053711
-0.058594
-0.058594
-0.058594
-0.053711
-0.053711
-0.058594
-0.058594
-0.058594
-0.053711
-0.058594
-0.058594
-0.058594
-0.058594
-0.053711
-0.048828
-0.058594
-0.053711
-0.053711
-0.053711
-0.058594
-0.058594
-0.053711
-0.058594
-0.063477
-0.053711
-0.053711
-0.058594
-0.053711
-0.053711
-0.053711
-0.058594
-0.058594
-0.058594
-0.058594
-0.063477
-0.058594
-0.058594
-0.053711
-0.053711
-0.053711
-0.058594
-0.058594
-0.058594
-0.058594
-0.053711
-0.053711
-0.058594
-0.048828
-0.048828
-0.039063
-0.029297
-0.019531
-0.019531
0.000000
0.009766
0.014648
0.024414
0.024414
0.029297
0.029297
0.043945
0.043945
0.043945
0.034180
0.043945
0.048828
0.043945
0.034180
0.039063
0.034180
0.029297
0.029297
0.024414
0.024414
0.019531
0.019531
0.009766
0.014648
0.019531
0.019531
0.014648
0.014648
0.014648
0.019531
0.009766
0.009766
0.009766
0.004883
0.000000
0.000000
0.004883
0.000000
-0.004883
0.000000
-0.004883
-0.009766
-0.014648
-0.004883
-0.009766
-0.004883
-0.014648
-0.014648
-0.004883
-0.009766
-0.014648
-0.009766
-0.019531
-0.014648
-0.014648
-0.019531
-0.019531
-0.014648
-0.024414
-0.014648
-0.019531
-0.029297
-0.014648
-0.019531
-0.019531
-0.019531
-0.024414
-0.014648
-0.024414
-0.019531
-0.029297
-0.024414
-0.019531
-0.029297
-0.024414
-0.024414
-0.024414
-0.019531
-0.029297
-0.024414
-0.029297
-0.024414
-0.019531
-0.024414
-0.029297
-0.029297
-0.029297
-0.024414
-0.024414
-0.039063
-0.034180
-0.034180
-0.034180
-0.039063
-0.039063
-0.039063
-0.043945
-0.039063
-0.043945
-0.043945
-0.043945
-0.043945
-0.043945
-0.053711
-0.053711
-0.063477
-0.063477
-0.058594
-0.058594
-0.058594
