0.268555
0.048828
0.327148
0.317383
0.449219
0.234375
0.180664
0.219727
0.170898
0.273438
0.268555
0.249023
0.307617
0.268555
0.224609
0.283203
0.292969
0.307617
0.190430
0.288086
0.268555
0.273438
0.156250
0.209961
0.112305
0.092773
0.200195
0.332031
0.170898
0.244141
0.278320
0.219727
0.029297
0.146484
0.263672
0.048828
0.258789
0.449219
0.112305
0.175781
0.322266
0.200195
0.375977
0.371094
0.449219
0.307617
0.307617
0.366211
0.146484
0.258789
0.283203
0.498047
0.214844
0.209961
0.263672
0.468750
0.332031
0.395508
0.273438
0.166016
0.312500
0.371094
0.297852
0.439453
0.371094
0.292969
0.283203
0.141602
0.322266
0.273438
0.336914
0.312500
0.288086
0.327148
0.268555
0.405273
0.478516
0.161133
0.112305
0.151367
0.170898
0.278320
0.146484
0.429688
0.229492
0.478516
0.214844
0.229492
0.034180
0.415039
0.117188
0.244141
0.292969
0.361328
0.322266
0.195313
0.380859
0.322266
0.346680
0.385742
0.385742
0.444336
0.395508
0.170898
0.258789
0.317383
0.053711
0.288086
0.278320
0.468750
0.136719
0.415039
0.410156
0.205078
0.195313
0.253906
0.195313
0.297852
0.410156
0.415039
0.288086
0.341797
0.322266
0.444336
0.141602
0.361328
0.214844
0.087891
0.214844
0.297852
0.161133
0.302734
0.253906
0.292969
0.410156
0.229492
0.458984
0.278320
0.463867
0.395508
0.444336
0.283203
0.361328
0.302734
0.327148
0.136719
0.136719
0.371094
0.346680
0.458984
0.439453
0.224609
0.209961
0.327148
0.439453
0.336914
0.346680
0.136719
0.463867
0.322266
0.385742
0.146484
0.366211
0.151367
0.249023
0.258789
0.151367
0.327148
0.429688
0.073242
0.170898
0.161133
0.371094
0.302734
0.219727
0.424805
0.263672
0.166016
0.239258
0.200195
0.332031
0.141602
0.234375
0.239258
0.102539
0.048828
0.166016
0.200195
0.195313
0.205078
0.312500
0.151367
0.258789
0.209961
0.322266
0.107422
0.332031
0.356445
0.214844
0.175781
0.322266
0.332031
0.449219
0.327148
0.434570
0.141602
0.224609
0.161133
0.219727
0.087891
0.283203
0.083008
0.346680
0.185547
0.175781
0.366211
0.258789
0.078125
0.224609
0.151367
0.288086
0.341797
0.151367
0.283203
0.341797
0.141602
0.249023
0.234375
0.117188
0.039063
0.141602
0.136719
0.009766
0.034180
0.141602
0.151367
-0.053711
0.219727
0.292969
0.112305
0.107422
0.346680
0.083008
0.283203
0.224609
0.229492
0.219727
0.161133
0.034180
0.234375
0.136719
0.283203
0.166016
0.205078
0.190430
0.249023
0.107422
-0.058594
0.234375
0.131836
0.112305
0.214844
0.175781
0.053711
0.083008
0.141602
0.078125
0.249023
0.000000
0.087891
0.341797
0.131836
0.200195
0.156250
0.263672
0.234375
0.224609
0.009766
0.107422
0.112305
0.273438
0.102539
0.048828
0.068359
-0.019531
0.131836
0.307617
0.322266
0.307617
-0.092773
0.122070
0.073242
0.087891
0.151367
-0.019531
0.073242
0.229492
0.175781
-0.073242
0.043945
0.102539
0.068359
0.000000
0.131836
0.161133
-0.014648
0.190430
-0.083008
-0.029297
0.117188
0.283203
0.063477
0.180664
0.083008
-0.107422
-0.004883
0.083008
-0.073242
-0.117188
0.126953
-0.092773
-0.073242
-0.107422
-0.078125
0.112305
-0.034180
0.161133
0.092773
0.034180
0.019531
-0.131836
0.122070
-0.053711
-0.053711
0.058594
0.053711
-0.092773
0.014648
0.029297
0.039063
0.009766
0.024414
0.092773
0.219727
-0.014648
0.170898
-0.083008
-0.043945
-0.024414
-0.195313
-0.009766
-0.175781
0.053711
-0.112305
-0.126953
0.009766
-0.048828
0.102539
0.112305
-0.068359
0.141602
0.004883
-0.019531
-0.131836
-0.180664
0.107422
-0.146484
-0.239258
0.034180
-0.136719
-0.014648
-0.117188
0.009766
-0.078125
0.048828
0.058594
0.009766
0.000000
-0.004883
0.000000
-0.180664
-0.175781
-0.083008
-0.146484
-0.083008
-0.170898
-0.073242
-0.146484
-0.063477
-0.253906
0.073242
-0.029297
-0.058594
-0.078125
-0.253906
-0.278320
-0.092773
0.043945
-0.102539
-0.019531
-0.117188
-0.151367
0.039063
-0.087891
-0.097656
-0.136719
-0.146484
0.009766
-0.097656
-0.224609
-0.234375
-0.097656
-0.126953
-0.249023
-0.151367
-0.039063
-0.092773
-0.175781
0.009766
-0.004883
-0.161133
-0.126953
0.107422
-0.102539
-0.336914
-0.126953
0.068359
-0.219727
-0.166016
0.078125
-0.112305
-0.244141
-0.117188
-0.097656
0.019531
-0.166016
-0.014648
-0.083008
-0.146484
-0.141602
-0.239258
-0.024414
-0.185547
-0.200195
-0.102539
-0.141602
-0.288086
-0.185547
-0.146484
-0.224609
-0.366211
-0.097656
-0.097656
-0.234375
-0.292969
0.009766
-0.122070
-0.122070
-0.268555
-0.200195
-0.346680
-0.092773
-0.185547
-0.219727
-0.268555
-0.092773
-0.043945
-0.102539
-0.273438
-0.161133
-0.405273
-0.156250
-0.395508
-0.405273
-0.063477
-0.131836
-0.283203
-0.122070
-0.214844
-0.268555
-0.122070
-0.302734
-0.283203
-0.224609
-0.278320
-0.405273
-0.141602
-0.234375
-0.366211
-0.322266
-0.278320
-0.307617
-0.322266
-0.229492
-0.346680
-0.112305
-0.400391
-0.297852
-0.205078
-0.312500
-0.185547
-0.258789
-0.361328
-0.214844
-0.351563
-0.205078
-0.234375
-0.527344
-0.410156
-0.180664
-0.410156
-0.229492
-0.361328
-0.278320
-0.458984
-0.297852
-0.214844
-0.517578
-0.332031
-0.312500
-0.239258
-0.297852
-0.444336
-0.126953
-0.385742
-0.346680
-0.493164
-0.415039
-0.170898
-0.361328
-0.454102
-0.356445
-0.170898
-0.419922
-0.297852
-0.449219
-0.327148
-0.288086
-0.283203
-0.161133
-0.249023
-0.292969
-0.322266
-0.390625
-0.327148
-0.278320
-0.366211
-0.253906
-0.371094
-0.351563
-0.410156
-0.249023
-0.302734
-0.234375
-0.361328
-0.473633
-0.263672
-0.156250
-0.341797
-0.239258
-0.473633
-0.390625
-0.166016
-0.224609
-0.493164
-0.102539
-0.434570
-0.444336
-0.541992
-0.473633
-0.263672
-0.322266
-0.283203
-0.424805
-0.302734
-0.463867
-0.322266
-0.234375
-0.444336
-0.107422
-0.522461
-0.214844
-0.336914
-0.405273
-0.390625
-0.351563
-0.527344
-0.283203
-0.288086
-0.537109
-0.327148
-0.400391
-0.380859
-0.249023
-0.292969
-0.449219
-0.297852
-0.537109
-0.395508
-0.468750
-0.200195
-0.327148
-0.463867
-0.297852
-0.498047
-0.341797
-0.566406
-0.424805
-0.483398
-0.214844
-0.380859
-0.161133
-0.375977
-0.380859
-0.351563
-0.493164
-0.283203
-0.419922
-0.434570
-0.390625
-0.405273
-0.507813
-0.380859
-0.380859
-0.317383
-0.268555
-0.522461
-0.205078
-0.322266
-0.444336
-0.380859
-0.332031
-0.498047
-0.410156
-0.546875
-0.498047
-0.449219
-0.424805
-0.498047
-0.351563
-0.180664
-0.361328
-0.517578
-0.371094
-0.546875
-0.375977
-0.395508
-0.498047
-0.351563
-0.434570
-0.336914
-0.458984
-0.278320
-0.341797
-0.278320
-0.620117
-0.332031
-0.302734
-0.429688
-0.454102
-0.478516
-0.356445
-0.312500
-0.371094
-0.312500
-0.312500
-0.424805
-0.244141
-0.244141
-0.351563
-0.332031
-0.214844
-0.434570
-0.317383
-0.444336
-0.395508
-0.449219
-0.205078
-0.283203
-0.297852
-0.263672
-0.434570
-0.424805
-0.190430
-0.458984
-0.532227
-0.434570
-0.307617
-0.283203
-0.302734
-0.380859
-0.356445
-0.332031
-0.380859
-0.126953
-0.473633
-0.493164
-0.371094
-0.527344
-0.288086
-0.371094
-0.283203
-0.288086
-0.332031
-0.429688
-0.341797
-0.214844
-0.307617
-0.307617
-0.297852
-0.161133
-0.468750
-0.322266
-0.429688
-0.336914
-0.371094
-0.307617
-0.537109
-0.366211
-0.532227
-0.117188
-0.107422
-0.283203
-0.366211
-0.332031
-0.278320
-0.297852
-0.273438
-0.146484
-0.239258
-0.473633
-0.146484
-0.415039
-0.214844
-0.175781
-0.268555
-0.371094
-0.283203
-0.258789
-0.541992
-0.297852
-0.263672
-0.239258
-0.419922
-0.424805
-0.219727
-0.244141
-0.488281
-0.351563
-0.214844
-0.478516
-0.385742
-0.356445
-0.273438
-0.219727
-0.336914
-0.190430
-0.253906
-0.307617
-0.058594
-0.136719
-0.356445
-0.161133
-0.278320
-0.317383
-0.322266
-0.312500
-0.307617
-0.239258
-0.136719
-0.336914
-0.209961
-0.356445
-0.151367
-0.390625
-0.302734
-0.351563
-0.112305
-0.498047
-0.327148
-0.180664
-0.336914
-0.214844
-0.136719
-0.273438
-0.234375
-0.063477
-0.312500
-0.190430
-0.361328
-0.219727
-0.063477
-0.175781
-0.073242
-0.263672
-0.273438
-0.410156
-0.166016
-0.224609
-0.380859
-0.151367
-0.263672
-0.200195
-0.200195
-0.043945
-0.234375
-0.161133
-0.092773
-0.253906
-0.258789
-0.087891
-0.292969
-0.288086
0.000000
-0.239258
0.019531
-0.234375
-0.288086
-0.058594
-0.356445
-0.180664
-0.004883
0.034180
-0.122070
0.068359
-0.224609
-0.356445
-0.087891
-0.117188
0.009766
-0.161133
-0.170898
-0.258789
-0.117188
-0.283203
-0.004883
-0.083008
-0.273438
-0.009766
-0.307617
0.019531
-0.146484
0.053711
-0.068359
-0.068359
-0.087891
0.053711
-0.087891
-0.073242
-0.190430
-0.180664
-0.073242
-0.170898
0.004883
-0.087891
-0.058594
-0.234375
0.058594
-0.092773
-0.156250
-0.078125
0.043945
-0.063477
-0.161133
-0.190430
-0.092773
-0.146484
0.063477
-0.053711
-0.146484
-0.156250
-0.097656
-0.019531
0.024414
-0.122070
-0.117188
0.117188
0.019531
-0.029297
-0.122070
-0.166016
-0.107422
-0.063477
-0.092773
0.053711
-0.126953
-0.078125
-0.019531
-0.078125
0.058594
-0.039063
0.087891
-0.078125
-0.107422
0.063477
0.024414
0.161133
0.063477
-0.107422
-0.063477
0.205078
0.019531
-0.029297
-0.209961
-0.136719
0.117188
0.009766
-0.043945
-0.029297
0.019531
0.000000
0.004883
-0.083008
-0.029297
0.166016
-0.141602
-0.048828
-0.102539
-0.004883
-0.073242
0.029297
0.019531
0.063477
0.048828
0.175781
-0.117188
0.156250
0.131836
0.190430
-0.170898
0.224609
0.009766
-0.063477
-0.019531
-0.043945
-0.009766
0.122070
0.009766
0.302734
0.063477
-0.053711
0.092773
0.219727
0.175781
0.029297
0.107422
0.063477
0.102539
0.063477
0.219727
0.087891
0.141602
0.146484
0.288086
-0.034180
0.083008
0.156250
0.200195
0.048828
0.122070
0.136719
0.263672
-0.014648
0.302734
0.224609
0.180664
0.102539
0.078125
0.141602
0.297852
0.161133
-0.004883
0.000000
0.249023
0.092773
0.112305
0.190430
0.161133
0.258789
0.058594
-0.107422
0.332031
0.175781
0.097656
0.087891
0.131836
0.004883
0.390625
0.102539
0.117188
0.146484
0.161133
0.039063
0.268555
0.166016
0.092773
0.087891
-0.004883
0.292969
0.024414
0.097656
0.117188
0.131836
0.327148
0.336914
0.190430
0.083008
0.122070
0.170898
0.209961
0.415039
0.122070
0.029297
0.283203
0.146484
0.317383
0.307617
0.302734
0.273438
0.087891
0.161133
0.019531
0.156250
0.273438
